

*******************************************************************************
Fri Mar 28 00:58:48 2025


FIT:    data read from "linearSearch.out" using 1:3
        format = x:z
        #datapoints = 10
        residuals are weighted equally (unit weight)

function used for fitting: f(x)
	f(x)=a*x+b
fitted parameters initialized with current variable values

iter      chisq       delta/lim  lambda   a             b            
   0 3.8466043794e+10   0.00e+00  4.39e+04    1.000000e+00   1.000000e+00
   8 1.1367448970e+00  -7.98e-04  4.39e-04    4.550661e-04   2.146667e-02

After 8 iterations the fit converged.
final sum of squares of residuals : 1.13674
rel. change during last iteration : -7.98117e-09

degrees of freedom    (FIT_NDF)                        : 8
rms of residuals      (FIT_STDFIT) = sqrt(WSSR/ndf)    : 0.376952
variance of residuals (reduced chisquare) = WSSR/ndf   : 0.142093

Final set of parameters            Asymptotic Standard Error
=======================            ==========================
a               = 0.000455066      +/- 4.15e-06     (0.912%)
b               = 0.0214667        +/- 0.2575       (1200%)

correlation matrix of the fit parameters:
                a      b      
a               1.000 
b              -0.886  1.000 


*******************************************************************************
Fri Mar 28 00:59:38 2025


FIT:    data read from "linearSearch.out" using 1:4
        format = x:z
        #datapoints = 10
        residuals are weighted equally (unit weight)

function used for fitting: g(x)
	g(x)=c*x+d
fitted parameters initialized with current variable values

iter      chisq       delta/lim  lambda   c             d            
   0 3.8481072428e+10   0.00e+00  4.39e+04    1.000000e+00   1.000000e+00
   8 3.4622013333e-01  -1.33e-03  4.39e-04    2.558133e-04   3.020667e-01

After 8 iterations the fit converged.
final sum of squares of residuals : 0.34622
rel. change during last iteration : -1.33306e-08

degrees of freedom    (FIT_NDF)                        : 8
rms of residuals      (FIT_STDFIT) = sqrt(WSSR/ndf)    : 0.208032
variance of residuals (reduced chisquare) = WSSR/ndf   : 0.0432775

Final set of parameters            Asymptotic Standard Error
=======================            ==========================
c               = 0.000255813      +/- 2.29e-06     (0.8953%)
d               = 0.302067         +/- 0.1421       (47.05%)

correlation matrix of the fit parameters:
                c      d      
c               1.000 
d              -0.886  1.000 


*******************************************************************************
Fri Mar 28 01:01:01 2025


FIT:    data read from "linearSearch.out" using 1:3
        format = x:z
        x range restricted to [0.00000 : 110000.]
        #datapoints = 10
        residuals are weighted equally (unit weight)

function used for fitting: f(x)
	f(x) = a*x+b
fitted parameters initialized with current variable values

iter      chisq       delta/lim  lambda   a             b            
   0 1.1367448970e+00   0.00e+00  2.00e+01    4.550661e-04   2.146667e-02
   1 1.1367448970e+00  -1.17e-10  2.00e+00    4.550661e-04   2.146667e-02

After 1 iterations the fit converged.
final sum of squares of residuals : 1.13674
rel. change during last iteration : -1.172e-15

degrees of freedom    (FIT_NDF)                        : 8
rms of residuals      (FIT_STDFIT) = sqrt(WSSR/ndf)    : 0.376952
variance of residuals (reduced chisquare) = WSSR/ndf   : 0.142093

Final set of parameters            Asymptotic Standard Error
=======================            ==========================
a               = 0.000455066      +/- 4.15e-06     (0.912%)
b               = 0.0214667        +/- 0.2575       (1200%)

correlation matrix of the fit parameters:
                a      b      
a               1.000 
b              -0.886  1.000 


*******************************************************************************
Fri Mar 28 01:01:08 2025


FIT:    data read from "linearSearch.out" using 1:4
        format = x:z
        x range restricted to [0.00000 : 110000.]
        #datapoints = 10
        residuals are weighted equally (unit weight)

function used for fitting: g(x)
	g(x) = c*x+d
fitted parameters initialized with current variable values

iter      chisq       delta/lim  lambda   c             d            
   0 3.4622013333e-01   0.00e+00  1.12e+01    2.558133e-04   3.020667e-01
   1 3.4622013333e-01  -1.44e-10  1.12e+00    2.558133e-04   3.020667e-01

After 1 iterations the fit converged.
final sum of squares of residuals : 0.34622
rel. change during last iteration : -1.44301e-15

degrees of freedom    (FIT_NDF)                        : 8
rms of residuals      (FIT_STDFIT) = sqrt(WSSR/ndf)    : 0.208032
variance of residuals (reduced chisquare) = WSSR/ndf   : 0.0432775

Final set of parameters            Asymptotic Standard Error
=======================            ==========================
c               = 0.000255813      +/- 2.29e-06     (0.8953%)
d               = 0.302067         +/- 0.1421       (47.05%)

correlation matrix of the fit parameters:
                c      d      
c               1.000 
d              -0.886  1.000 


*******************************************************************************
Fri Mar 28 01:02:28 2025


FIT:    data read from "linearSearch.out" using 1:3
        format = x:z
        #datapoints = 10
        residuals are weighted equally (unit weight)

function used for fitting: f(x)
	f(x)=a*x+b
fitted parameters initialized with current variable values

iter      chisq       delta/lim  lambda   a             b            
   0 3.8466043794e+10   0.00e+00  4.39e+04    1.000000e+00   1.000000e+00
   8 1.1367448970e+00  -7.98e-04  4.39e-04    4.550661e-04   2.146667e-02

After 8 iterations the fit converged.
final sum of squares of residuals : 1.13674
rel. change during last iteration : -7.98117e-09

degrees of freedom    (FIT_NDF)                        : 8
rms of residuals      (FIT_STDFIT) = sqrt(WSSR/ndf)    : 0.376952
variance of residuals (reduced chisquare) = WSSR/ndf   : 0.142093

Final set of parameters            Asymptotic Standard Error
=======================            ==========================
a               = 0.000455066      +/- 4.15e-06     (0.912%)
b               = 0.0214667        +/- 0.2575       (1200%)

correlation matrix of the fit parameters:
                a      b      
a               1.000 
b              -0.886  1.000 


*******************************************************************************
Fri Mar 28 01:03:02 2025


FIT:    data read from "linearSearch.out" using 1:4
        format = x:z
        #datapoints = 10
        residuals are weighted equally (unit weight)

function used for fitting: g(x)
	g(x)=c*x+d
fitted parameters initialized with current variable values

iter      chisq       delta/lim  lambda   c             d            
   0 3.8481072428e+10   0.00e+00  4.39e+04    1.000000e+00   1.000000e+00
   8 3.4622013333e-01  -1.33e-03  4.39e-04    2.558133e-04   3.020667e-01

After 8 iterations the fit converged.
final sum of squares of residuals : 0.34622
rel. change during last iteration : -1.33306e-08

degrees of freedom    (FIT_NDF)                        : 8
rms of residuals      (FIT_STDFIT) = sqrt(WSSR/ndf)    : 0.208032
variance of residuals (reduced chisquare) = WSSR/ndf   : 0.0432775

Final set of parameters            Asymptotic Standard Error
=======================            ==========================
c               = 0.000255813      +/- 2.29e-06     (0.8953%)
d               = 0.302067         +/- 0.1421       (47.05%)

correlation matrix of the fit parameters:
                c      d      
c               1.000 
d              -0.886  1.000 


*******************************************************************************
Fri Mar 28 16:03:17 2025


FIT:    data read from "selectionSort.out" using 1:2
        format = x:z
        #datapoints = 10
        residuals are weighted equally (unit weight)

function used for fitting: f(x)
	f(x) = a*x*x+b*x+c
BREAK: Need via and either parameter list or file

*******************************************************************************
Fri Mar 28 16:03:37 2025


FIT:    data read from "selectionSort.out" using 1:2
        format = x:z
        #datapoints = 10
        residuals are weighted equally (unit weight)

function used for fitting: f(x)
	f(x) = a*x*x+b*x+c
fitted parameters initialized with current variable values

iter      chisq       delta/lim  lambda   a             b             c            
   0 2.5308707704e+16   0.00e+00  2.91e+07    1.000000e+00   1.000000e+00   1.000000e+00
  11 2.0486372226e+05  -5.78e-06  2.91e-04    5.681987e-04   2.532292e-01   3.702802e+01

After 11 iterations the fit converged.
final sum of squares of residuals : 204864
rel. change during last iteration : -5.77801e-11

degrees of freedom    (FIT_NDF)                        : 7
rms of residuals      (FIT_STDFIT) = sqrt(WSSR/ndf)    : 171.074
variance of residuals (reduced chisquare) = WSSR/ndf   : 29266.2

Final set of parameters            Asymptotic Standard Error
=======================            ==========================
a               = 0.000568199      +/- 7.445e-06    (1.31%)
b               = 0.253229         +/- 0.08403      (33.18%)
c               = 37.028           +/- 201.2        (543.4%)

correlation matrix of the fit parameters:
                a      b      c      
a               1.000 
b              -0.975  1.000 
c               0.814 -0.909  1.000 
